\BOOKMARK [0][-]{chapter.1}{\376\377\0001\000\040\000N\000a\000m\000e\000s\000p\000a\000c\000e\000\040\000I\000n\000d\000e\000x}{}% 1
\BOOKMARK [1][-]{section.1.1}{\376\377\0001\000.\0001\000\040\000N\000a\000m\000e\000s\000p\000a\000c\000e\000\040\000L\000i\000s\000t}{chapter.1}% 2
\BOOKMARK [0][-]{chapter.2}{\376\377\0002\000\040\000H\000i\000e\000r\000a\000r\000c\000h\000i\000c\000a\000l\000\040\000I\000n\000d\000e\000x}{}% 3
\BOOKMARK [1][-]{section.2.1}{\376\377\0002\000.\0001\000\040\000C\000l\000a\000s\000s\000\040\000H\000i\000e\000r\000a\000r\000c\000h\000y}{chapter.2}% 4
\BOOKMARK [0][-]{chapter.3}{\376\377\0003\000\040\000C\000l\000a\000s\000s\000\040\000I\000n\000d\000e\000x}{}% 5
\BOOKMARK [1][-]{section.3.1}{\376\377\0003\000.\0001\000\040\000C\000l\000a\000s\000s\000\040\000L\000i\000s\000t}{chapter.3}% 6
\BOOKMARK [0][-]{chapter.4}{\376\377\0004\000\040\000F\000i\000l\000e\000\040\000I\000n\000d\000e\000x}{}% 7
\BOOKMARK [1][-]{section.4.1}{\376\377\0004\000.\0001\000\040\000F\000i\000l\000e\000\040\000L\000i\000s\000t}{chapter.4}% 8
\BOOKMARK [0][-]{chapter.5}{\376\377\0005\000\040\000N\000a\000m\000e\000s\000p\000a\000c\000e\000\040\000D\000o\000c\000u\000m\000e\000n\000t\000a\000t\000i\000o\000n}{}% 9
\BOOKMARK [1][-]{section.5.1}{\376\377\0005\000.\0001\000\040\000A\000r\000c\000a\000d\000e\000\040\000N\000a\000m\000e\000s\000p\000a\000c\000e\000\040\000R\000e\000f\000e\000r\000e\000n\000c\000e}{chapter.5}% 10
\BOOKMARK [2][-]{subsection.5.1.1}{\376\377\0005\000.\0001\000.\0001\000\040\000D\000e\000t\000a\000i\000l\000e\000d\000\040\000D\000e\000s\000c\000r\000i\000p\000t\000i\000o\000n}{section.5.1}% 11
\BOOKMARK [2][-]{subsection.5.1.2}{\376\377\0005\000.\0001\000.\0002\000\040\000E\000n\000u\000m\000e\000r\000a\000t\000i\000o\000n\000\040\000T\000y\000p\000e\000\040\000D\000o\000c\000u\000m\000e\000n\000t\000a\000t\000i\000o\000n}{section.5.1}% 12
\BOOKMARK [3][-]{subsubsection.5.1.2.1}{\376\377\0005\000.\0001\000.\0002\000.\0001\000\040\000K\000e\000y\000s}{subsection.5.1.2}% 13
\BOOKMARK [0][-]{chapter.6}{\376\377\0006\000\040\000C\000l\000a\000s\000s\000\040\000D\000o\000c\000u\000m\000e\000n\000t\000a\000t\000i\000o\000n}{}% 14
\BOOKMARK [1][-]{section.6.1}{\376\377\0006\000.\0001\000\040\000A\000r\000c\000a\000d\000e\000:\000:\000C\000o\000l\000o\000r\000\040\000C\000l\000a\000s\000s\000\040\000R\000e\000f\000e\000r\000e\000n\000c\000e}{chapter.6}% 15
\BOOKMARK [2][-]{subsection.6.1.1}{\376\377\0006\000.\0001\000.\0001\000\040\000D\000e\000t\000a\000i\000l\000e\000d\000\040\000D\000e\000s\000c\000r\000i\000p\000t\000i\000o\000n}{section.6.1}% 16
\BOOKMARK [2][-]{subsection.6.1.2}{\376\377\0006\000.\0001\000.\0002\000\040\000C\000o\000n\000s\000t\000r\000u\000c\000t\000o\000r\000\040\000\046\000\040\000D\000e\000s\000t\000r\000u\000c\000t\000o\000r\000\040\000D\000o\000c\000u\000m\000e\000n\000t\000a\000t\000i\000o\000n}{section.6.1}% 17
\BOOKMARK [3][-]{subsubsection.6.1.2.1}{\376\377\0006\000.\0001\000.\0002\000.\0001\000\040\000C\000o\000l\000o\000r\000\050\000\051}{subsection.6.1.2}% 18
\BOOKMARK [2][-]{subsection.6.1.3}{\376\377\0006\000.\0001\000.\0003\000\040\000M\000e\000m\000b\000e\000r\000\040\000F\000u\000n\000c\000t\000i\000o\000n\000\040\000D\000o\000c\000u\000m\000e\000n\000t\000a\000t\000i\000o\000n}{section.6.1}% 19
\BOOKMARK [3][-]{subsubsection.6.1.3.1}{\376\377\0006\000.\0001\000.\0003\000.\0001\000\040\000g\000e\000t\000A\000l\000p\000h\000a\000\050\000\051}{subsection.6.1.3}% 20
\BOOKMARK [3][-]{subsubsection.6.1.3.2}{\376\377\0006\000.\0001\000.\0003\000.\0002\000\040\000g\000e\000t\000B\000l\000u\000e\000\050\000\051}{subsection.6.1.3}% 21
\BOOKMARK [3][-]{subsubsection.6.1.3.3}{\376\377\0006\000.\0001\000.\0003\000.\0003\000\040\000g\000e\000t\000G\000r\000e\000e\000n\000\050\000\051}{subsection.6.1.3}% 22
\BOOKMARK [3][-]{subsubsection.6.1.3.4}{\376\377\0006\000.\0001\000.\0003\000.\0004\000\040\000g\000e\000t\000R\000e\000d\000\050\000\051}{subsection.6.1.3}% 23
\BOOKMARK [3][-]{subsubsection.6.1.3.5}{\376\377\0006\000.\0001\000.\0003\000.\0005\000\040\000o\000p\000e\000r\000a\000t\000o\000r\000\040\000u\000n\000s\000i\000g\000n\000e\000d\000\040\000c\000h\000a\000r\000\040\000*\000\050\000\051}{subsection.6.1.3}% 24
\BOOKMARK [3][-]{subsubsection.6.1.3.6}{\376\377\0006\000.\0001\000.\0003\000.\0006\000\040\000o\000p\000e\000r\000a\000t\000o\000r\000=\000=\000\050\000\051}{subsection.6.1.3}% 25
\BOOKMARK [3][-]{subsubsection.6.1.3.7}{\376\377\0006\000.\0001\000.\0003\000.\0007\000\040\000s\000e\000t\000A\000l\000p\000h\000a\000\050\000\051}{subsection.6.1.3}% 26
\BOOKMARK [3][-]{subsubsection.6.1.3.8}{\376\377\0006\000.\0001\000.\0003\000.\0008\000\040\000s\000e\000t\000B\000l\000u\000e\000\050\000\051}{subsection.6.1.3}% 27
\BOOKMARK [3][-]{subsubsection.6.1.3.9}{\376\377\0006\000.\0001\000.\0003\000.\0009\000\040\000s\000e\000t\000C\000o\000l\000o\000r\000\050\000\051}{subsection.6.1.3}% 28
\BOOKMARK [3][-]{subsubsection.6.1.3.10}{\376\377\0006\000.\0001\000.\0003\000.\0001\0000\000\040\000s\000e\000t\000G\000r\000e\000e\000n\000\050\000\051}{subsection.6.1.3}% 29
\BOOKMARK [3][-]{subsubsection.6.1.3.11}{\376\377\0006\000.\0001\000.\0003\000.\0001\0001\000\040\000s\000e\000t\000R\000e\000d\000\050\000\051}{subsection.6.1.3}% 30
\BOOKMARK [1][-]{section.6.2}{\376\377\0006\000.\0002\000\040\000A\000r\000c\000a\000d\000e\000:\000:\000C\000o\000r\000e\000\040\000C\000l\000a\000s\000s\000\040\000R\000e\000f\000e\000r\000e\000n\000c\000e}{chapter.6}% 31
\BOOKMARK [1][-]{section.6.3}{\376\377\0006\000.\0003\000\040\000D\000L\000L\000o\000a\000d\000e\000r\000<\000\040\000T\000\040\000>\000\040\000C\000l\000a\000s\000s\000\040\000T\000e\000m\000p\000l\000a\000t\000e\000\040\000R\000e\000f\000e\000r\000e\000n\000c\000e}{chapter.6}% 32
\BOOKMARK [1][-]{section.6.4}{\376\377\0006\000.\0004\000\040\000A\000r\000c\000a\000d\000e\000:\000:\000I\000G\000a\000m\000e\000L\000i\000b\000\040\000C\000l\000a\000s\000s\000\040\000R\000e\000f\000e\000r\000e\000n\000c\000e}{chapter.6}% 33
\BOOKMARK [2][-]{subsection.6.4.1}{\376\377\0006\000.\0004\000.\0001\000\040\000D\000e\000t\000a\000i\000l\000e\000d\000\040\000D\000e\000s\000c\000r\000i\000p\000t\000i\000o\000n}{section.6.4}% 34
\BOOKMARK [2][-]{subsection.6.4.2}{\376\377\0006\000.\0004\000.\0002\000\040\000C\000o\000n\000s\000t\000r\000u\000c\000t\000o\000r\000\040\000\046\000\040\000D\000e\000s\000t\000r\000u\000c\000t\000o\000r\000\040\000D\000o\000c\000u\000m\000e\000n\000t\000a\000t\000i\000o\000n}{section.6.4}% 35
\BOOKMARK [3][-]{subsubsection.6.4.2.1}{\376\377\0006\000.\0004\000.\0002\000.\0001\000\040\000\040\000I\000G\000a\000m\000e\000L\000i\000b\000\050\000\051}{subsection.6.4.2}% 36
\BOOKMARK [2][-]{subsection.6.4.3}{\376\377\0006\000.\0004\000.\0003\000\040\000M\000e\000m\000b\000e\000r\000\040\000F\000u\000n\000c\000t\000i\000o\000n\000\040\000D\000o\000c\000u\000m\000e\000n\000t\000a\000t\000i\000o\000n}{section.6.4}% 37
\BOOKMARK [3][-]{subsubsection.6.4.3.1}{\376\377\0006\000.\0004\000.\0003\000.\0001\000\040\000a\000p\000p\000l\000y\000E\000v\000e\000n\000t\000\050\000\051}{subsection.6.4.3}% 38
\BOOKMARK [3][-]{subsubsection.6.4.3.2}{\376\377\0006\000.\0004\000.\0003\000.\0002\000\040\000g\000e\000t\000N\000a\000m\000e\000\050\000\051}{subsection.6.4.3}% 39
\BOOKMARK [3][-]{subsubsection.6.4.3.3}{\376\377\0006\000.\0004\000.\0003\000.\0003\000\040\000g\000e\000t\000S\000c\000o\000r\000e\000\050\000\051}{subsection.6.4.3}% 40
\BOOKMARK [3][-]{subsubsection.6.4.3.4}{\376\377\0006\000.\0004\000.\0003\000.\0004\000\040\000i\000n\000i\000t\000\050\000\051}{subsection.6.4.3}% 41
\BOOKMARK [3][-]{subsubsection.6.4.3.5}{\376\377\0006\000.\0004\000.\0003\000.\0005\000\040\000r\000e\000f\000r\000e\000s\000h\000\050\000\051}{subsection.6.4.3}% 42
\BOOKMARK [3][-]{subsubsection.6.4.3.6}{\376\377\0006\000.\0004\000.\0003\000.\0006\000\040\000s\000t\000o\000p\000\050\000\051}{subsection.6.4.3}% 43
\BOOKMARK [3][-]{subsubsection.6.4.3.7}{\376\377\0006\000.\0004\000.\0003\000.\0007\000\040\000u\000p\000d\000a\000t\000e\000\050\000\051}{subsection.6.4.3}% 44
\BOOKMARK [1][-]{section.6.5}{\376\377\0006\000.\0005\000\040\000A\000r\000c\000a\000d\000e\000:\000:\000I\000G\000r\000a\000p\000h\000i\000c\000L\000i\000b\000\040\000C\000l\000a\000s\000s\000\040\000R\000e\000f\000e\000r\000e\000n\000c\000e}{chapter.6}% 45
\BOOKMARK [2][-]{subsection.6.5.1}{\376\377\0006\000.\0005\000.\0001\000\040\000D\000e\000t\000a\000i\000l\000e\000d\000\040\000D\000e\000s\000c\000r\000i\000p\000t\000i\000o\000n}{section.6.5}% 46
\BOOKMARK [2][-]{subsection.6.5.2}{\376\377\0006\000.\0005\000.\0002\000\040\000C\000o\000n\000s\000t\000r\000u\000c\000t\000o\000r\000\040\000\046\000\040\000D\000e\000s\000t\000r\000u\000c\000t\000o\000r\000\040\000D\000o\000c\000u\000m\000e\000n\000t\000a\000t\000i\000o\000n}{section.6.5}% 47
\BOOKMARK [3][-]{subsubsection.6.5.2.1}{\376\377\0006\000.\0005\000.\0002\000.\0001\000\040\000\040\000I\000G\000r\000a\000p\000h\000i\000c\000L\000i\000b\000\050\000\051}{subsection.6.5.2}% 48
\BOOKMARK [2][-]{subsection.6.5.3}{\376\377\0006\000.\0005\000.\0003\000\040\000M\000e\000m\000b\000e\000r\000\040\000F\000u\000n\000c\000t\000i\000o\000n\000\040\000D\000o\000c\000u\000m\000e\000n\000t\000a\000t\000i\000o\000n}{section.6.5}% 49
\BOOKMARK [3][-]{subsubsection.6.5.3.1}{\376\377\0006\000.\0005\000.\0003\000.\0001\000\040\000c\000l\000e\000a\000r\000E\000v\000e\000n\000t\000s\000\050\000\051}{subsection.6.5.3}% 50
\BOOKMARK [3][-]{subsubsection.6.5.3.2}{\376\377\0006\000.\0005\000.\0003\000.\0002\000\040\000c\000l\000o\000s\000e\000R\000e\000n\000d\000e\000r\000e\000r\000\050\000\051}{subsection.6.5.3}% 51
\BOOKMARK [3][-]{subsubsection.6.5.3.3}{\376\377\0006\000.\0005\000.\0003\000.\0003\000\040\000g\000e\000t\000L\000a\000s\000t\000E\000v\000e\000n\000t\000\050\000\051}{subsection.6.5.3}% 52
\BOOKMARK [3][-]{subsubsection.6.5.3.4}{\376\377\0006\000.\0005\000.\0003\000.\0004\000\040\000g\000e\000t\000M\000a\000x\000X\000\050\000\051}{subsection.6.5.3}% 53
\BOOKMARK [3][-]{subsubsection.6.5.3.5}{\376\377\0006\000.\0005\000.\0003\000.\0005\000\040\000g\000e\000t\000M\000a\000x\000Y\000\050\000\051}{subsection.6.5.3}% 54
\BOOKMARK [3][-]{subsubsection.6.5.3.6}{\376\377\0006\000.\0005\000.\0003\000.\0006\000\040\000g\000e\000t\000N\000a\000m\000e\000\050\000\051}{subsection.6.5.3}% 55
\BOOKMARK [3][-]{subsubsection.6.5.3.7}{\376\377\0006\000.\0005\000.\0003\000.\0007\000\040\000g\000e\000t\000S\000c\000r\000e\000e\000n\000S\000i\000z\000e\000\050\000\051}{subsection.6.5.3}% 56
\BOOKMARK [3][-]{subsubsection.6.5.3.8}{\376\377\0006\000.\0005\000.\0003\000.\0008\000\040\000i\000s\000O\000p\000e\000n\000\050\000\051}{subsection.6.5.3}% 57
\BOOKMARK [3][-]{subsubsection.6.5.3.9}{\376\377\0006\000.\0005\000.\0003\000.\0009\000\040\000o\000p\000e\000n\000R\000e\000n\000d\000e\000r\000e\000r\000\050\000\051}{subsection.6.5.3}% 58
\BOOKMARK [3][-]{subsubsection.6.5.3.10}{\376\377\0006\000.\0005\000.\0003\000.\0001\0000\000\040\000p\000o\000l\000l\000E\000v\000e\000n\000t\000s\000\050\000\051}{subsection.6.5.3}% 59
\BOOKMARK [1][-]{section.6.6}{\376\377\0006\000.\0006\000\040\000A\000r\000c\000a\000d\000e\000:\000:\000M\000e\000n\000u\000\040\000C\000l\000a\000s\000s\000\040\000R\000e\000f\000e\000r\000e\000n\000c\000e}{chapter.6}% 60
\BOOKMARK [1][-]{section.6.7}{\376\377\0006\000.\0007\000\040\000A\000r\000c\000a\000d\000e\000:\000:\000N\000C\000u\000r\000s\000e\000s\000\040\000C\000l\000a\000s\000s\000\040\000R\000e\000f\000e\000r\000e\000n\000c\000e}{chapter.6}% 61
\BOOKMARK [2][-]{subsection.6.7.1}{\376\377\0006\000.\0007\000.\0001\000\040\000M\000e\000m\000b\000e\000r\000\040\000F\000u\000n\000c\000t\000i\000o\000n\000\040\000D\000o\000c\000u\000m\000e\000n\000t\000a\000t\000i\000o\000n}{section.6.7}% 62
\BOOKMARK [3][-]{subsubsection.6.7.1.1}{\376\377\0006\000.\0007\000.\0001\000.\0001\000\040\000c\000l\000e\000a\000r\000E\000v\000e\000n\000t\000s\000\050\000\051}{subsection.6.7.1}% 63
\BOOKMARK [3][-]{subsubsection.6.7.1.2}{\376\377\0006\000.\0007\000.\0001\000.\0002\000\040\000c\000l\000o\000s\000e\000R\000e\000n\000d\000e\000r\000e\000r\000\050\000\051}{subsection.6.7.1}% 64
\BOOKMARK [3][-]{subsubsection.6.7.1.3}{\376\377\0006\000.\0007\000.\0001\000.\0003\000\040\000g\000e\000t\000L\000a\000s\000t\000E\000v\000e\000n\000t\000\050\000\051}{subsection.6.7.1}% 65
\BOOKMARK [3][-]{subsubsection.6.7.1.4}{\376\377\0006\000.\0007\000.\0001\000.\0004\000\040\000g\000e\000t\000M\000a\000x\000X\000\050\000\051}{subsection.6.7.1}% 66
\BOOKMARK [3][-]{subsubsection.6.7.1.5}{\376\377\0006\000.\0007\000.\0001\000.\0005\000\040\000g\000e\000t\000M\000a\000x\000Y\000\050\000\051}{subsection.6.7.1}% 67
\BOOKMARK [3][-]{subsubsection.6.7.1.6}{\376\377\0006\000.\0007\000.\0001\000.\0006\000\040\000g\000e\000t\000N\000a\000m\000e\000\050\000\051}{subsection.6.7.1}% 68
\BOOKMARK [3][-]{subsubsection.6.7.1.7}{\376\377\0006\000.\0007\000.\0001\000.\0007\000\040\000g\000e\000t\000S\000c\000r\000e\000e\000n\000S\000i\000z\000e\000\050\000\051}{subsection.6.7.1}% 69
\BOOKMARK [3][-]{subsubsection.6.7.1.8}{\376\377\0006\000.\0007\000.\0001\000.\0008\000\040\000i\000s\000O\000p\000e\000n\000\050\000\051}{subsection.6.7.1}% 70
\BOOKMARK [3][-]{subsubsection.6.7.1.9}{\376\377\0006\000.\0007\000.\0001\000.\0009\000\040\000o\000p\000e\000n\000R\000e\000n\000d\000e\000r\000e\000r\000\050\000\051}{subsection.6.7.1}% 71
\BOOKMARK [3][-]{subsubsection.6.7.1.10}{\376\377\0006\000.\0007\000.\0001\000.\0001\0000\000\040\000p\000o\000l\000l\000E\000v\000e\000n\000t\000s\000\050\000\051}{subsection.6.7.1}% 72
\BOOKMARK [1][-]{section.6.8}{\376\377\0006\000.\0008\000\040\000A\000r\000c\000a\000d\000e\000:\000:\000N\000i\000b\000b\000l\000e\000r\000\040\000C\000l\000a\000s\000s\000\040\000R\000e\000f\000e\000r\000e\000n\000c\000e}{chapter.6}% 73
\BOOKMARK [2][-]{subsection.6.8.1}{\376\377\0006\000.\0008\000.\0001\000\040\000M\000e\000m\000b\000e\000r\000\040\000F\000u\000n\000c\000t\000i\000o\000n\000\040\000D\000o\000c\000u\000m\000e\000n\000t\000a\000t\000i\000o\000n}{section.6.8}% 74
\BOOKMARK [3][-]{subsubsection.6.8.1.1}{\376\377\0006\000.\0008\000.\0001\000.\0001\000\040\000a\000p\000p\000l\000y\000E\000v\000e\000n\000t\000\050\000\051}{subsection.6.8.1}% 75
\BOOKMARK [3][-]{subsubsection.6.8.1.2}{\376\377\0006\000.\0008\000.\0001\000.\0002\000\040\000g\000e\000t\000N\000a\000m\000e\000\050\000\051}{subsection.6.8.1}% 76
\BOOKMARK [3][-]{subsubsection.6.8.1.3}{\376\377\0006\000.\0008\000.\0001\000.\0003\000\040\000g\000e\000t\000S\000c\000o\000r\000e\000\050\000\051}{subsection.6.8.1}% 77
\BOOKMARK [3][-]{subsubsection.6.8.1.4}{\376\377\0006\000.\0008\000.\0001\000.\0004\000\040\000i\000n\000i\000t\000\050\000\051}{subsection.6.8.1}% 78
\BOOKMARK [3][-]{subsubsection.6.8.1.5}{\376\377\0006\000.\0008\000.\0001\000.\0005\000\040\000r\000e\000f\000r\000e\000s\000h\000\050\000\051}{subsection.6.8.1}% 79
\BOOKMARK [3][-]{subsubsection.6.8.1.6}{\376\377\0006\000.\0008\000.\0001\000.\0006\000\040\000s\000t\000o\000p\000\050\000\051}{subsection.6.8.1}% 80
\BOOKMARK [3][-]{subsubsection.6.8.1.7}{\376\377\0006\000.\0008\000.\0001\000.\0007\000\040\000u\000p\000d\000a\000t\000e\000\050\000\051}{subsection.6.8.1}% 81
\BOOKMARK [1][-]{section.6.9}{\376\377\0006\000.\0009\000\040\000A\000r\000c\000a\000d\000e\000:\000:\000P\000a\000c\000m\000a\000n\000\040\000C\000l\000a\000s\000s\000\040\000R\000e\000f\000e\000r\000e\000n\000c\000e}{chapter.6}% 82
\BOOKMARK [2][-]{subsection.6.9.1}{\376\377\0006\000.\0009\000.\0001\000\040\000M\000e\000m\000b\000e\000r\000\040\000F\000u\000n\000c\000t\000i\000o\000n\000\040\000D\000o\000c\000u\000m\000e\000n\000t\000a\000t\000i\000o\000n}{section.6.9}% 83
\BOOKMARK [3][-]{subsubsection.6.9.1.1}{\376\377\0006\000.\0009\000.\0001\000.\0001\000\040\000a\000p\000p\000l\000y\000E\000v\000e\000n\000t\000\050\000\051}{subsection.6.9.1}% 84
\BOOKMARK [3][-]{subsubsection.6.9.1.2}{\376\377\0006\000.\0009\000.\0001\000.\0002\000\040\000g\000e\000t\000N\000a\000m\000e\000\050\000\051}{subsection.6.9.1}% 85
\BOOKMARK [3][-]{subsubsection.6.9.1.3}{\376\377\0006\000.\0009\000.\0001\000.\0003\000\040\000g\000e\000t\000S\000c\000o\000r\000e\000\050\000\051}{subsection.6.9.1}% 86
\BOOKMARK [3][-]{subsubsection.6.9.1.4}{\376\377\0006\000.\0009\000.\0001\000.\0004\000\040\000i\000n\000i\000t\000\050\000\051}{subsection.6.9.1}% 87
\BOOKMARK [3][-]{subsubsection.6.9.1.5}{\376\377\0006\000.\0009\000.\0001\000.\0005\000\040\000r\000e\000f\000r\000e\000s\000h\000\050\000\051}{subsection.6.9.1}% 88
\BOOKMARK [3][-]{subsubsection.6.9.1.6}{\376\377\0006\000.\0009\000.\0001\000.\0006\000\040\000s\000t\000o\000p\000\050\000\051}{subsection.6.9.1}% 89
\BOOKMARK [3][-]{subsubsection.6.9.1.7}{\376\377\0006\000.\0009\000.\0001\000.\0007\000\040\000u\000p\000d\000a\000t\000e\000\050\000\051}{subsection.6.9.1}% 90
\BOOKMARK [1][-]{section.6.10}{\376\377\0006\000.\0001\0000\000\040\000A\000r\000c\000a\000d\000e\000:\000:\000P\000i\000x\000e\000l\000B\000o\000x\000\040\000C\000l\000a\000s\000s\000\040\000R\000e\000f\000e\000r\000e\000n\000c\000e}{chapter.6}% 91
\BOOKMARK [2][-]{subsection.6.10.1}{\376\377\0006\000.\0001\0000\000.\0001\000\040\000D\000e\000t\000a\000i\000l\000e\000d\000\040\000D\000e\000s\000c\000r\000i\000p\000t\000i\000o\000n}{section.6.10}% 92
\BOOKMARK [2][-]{subsection.6.10.2}{\376\377\0006\000.\0001\0000\000.\0002\000\040\000C\000o\000n\000s\000t\000r\000u\000c\000t\000o\000r\000\040\000\046\000\040\000D\000e\000s\000t\000r\000u\000c\000t\000o\000r\000\040\000D\000o\000c\000u\000m\000e\000n\000t\000a\000t\000i\000o\000n}{section.6.10}% 93
\BOOKMARK [3][-]{subsubsection.6.10.2.1}{\376\377\0006\000.\0001\0000\000.\0002\000.\0001\000\040\000P\000i\000x\000e\000l\000B\000o\000x\000\050\000\051}{subsection.6.10.2}% 94
\BOOKMARK [2][-]{subsection.6.10.3}{\376\377\0006\000.\0001\0000\000.\0003\000\040\000M\000e\000m\000b\000e\000r\000\040\000F\000u\000n\000c\000t\000i\000o\000n\000\040\000D\000o\000c\000u\000m\000e\000n\000t\000a\000t\000i\000o\000n}{section.6.10}% 95
\BOOKMARK [3][-]{subsubsection.6.10.3.1}{\376\377\0006\000.\0001\0000\000.\0003\000.\0001\000\040\000g\000e\000t\000H\000e\000i\000g\000h\000t\000\050\000\051}{subsection.6.10.3}% 96
\BOOKMARK [3][-]{subsubsection.6.10.3.2}{\376\377\0006\000.\0001\0000\000.\0003\000.\0002\000\040\000g\000e\000t\000P\000i\000x\000e\000l\000\050\000\051}{subsection.6.10.3}% 97
\BOOKMARK [3][-]{subsubsection.6.10.3.3}{\376\377\0006\000.\0001\0000\000.\0003\000.\0003\000\040\000g\000e\000t\000P\000i\000x\000e\000l\000A\000r\000r\000a\000y\000\050\000\051}{subsection.6.10.3}% 98
\BOOKMARK [3][-]{subsubsection.6.10.3.4}{\376\377\0006\000.\0001\0000\000.\0003\000.\0004\000\040\000g\000e\000t\000P\000o\000s\000\050\000\051}{subsection.6.10.3}% 99
\BOOKMARK [3][-]{subsubsection.6.10.3.5}{\376\377\0006\000.\0001\0000\000.\0003\000.\0005\000\040\000g\000e\000t\000S\000i\000z\000e\000\050\000\051}{subsection.6.10.3}% 100
\BOOKMARK [3][-]{subsubsection.6.10.3.6}{\376\377\0006\000.\0001\0000\000.\0003\000.\0006\000\040\000g\000e\000t\000W\000i\000d\000t\000h\000\050\000\051}{subsection.6.10.3}% 101
\BOOKMARK [3][-]{subsubsection.6.10.3.7}{\376\377\0006\000.\0001\0000\000.\0003\000.\0007\000\040\000g\000e\000t\000X\000\050\000\051}{subsection.6.10.3}% 102
\BOOKMARK [3][-]{subsubsection.6.10.3.8}{\376\377\0006\000.\0001\0000\000.\0003\000.\0008\000\040\000g\000e\000t\000Y\000\050\000\051}{subsection.6.10.3}% 103
\BOOKMARK [3][-]{subsubsection.6.10.3.9}{\376\377\0006\000.\0001\0000\000.\0003\000.\0009\000\040\000p\000u\000t\000P\000i\000x\000e\000l\000\050\000\051}{subsection.6.10.3}% 104
\BOOKMARK [3][-]{subsubsection.6.10.3.10}{\376\377\0006\000.\0001\0000\000.\0003\000.\0001\0000\000\040\000p\000u\000t\000R\000e\000c\000t\000\050\000\051}{subsection.6.10.3}% 105
\BOOKMARK [3][-]{subsubsection.6.10.3.11}{\376\377\0006\000.\0001\0000\000.\0003\000.\0001\0001\000\040\000s\000e\000t\000P\000o\000s\000\050\000\051}{subsection.6.10.3}% 106
\BOOKMARK [3][-]{subsubsection.6.10.3.12}{\376\377\0006\000.\0001\0000\000.\0003\000.\0001\0002\000\040\000s\000e\000t\000S\000i\000z\000e\000\050\000\051}{subsection.6.10.3}% 107
\BOOKMARK [1][-]{section.6.11}{\376\377\0006\000.\0001\0001\000\040\000A\000r\000c\000a\000d\000e\000:\000:\000S\000c\000o\000r\000e\000\040\000C\000l\000a\000s\000s\000\040\000R\000e\000f\000e\000r\000e\000n\000c\000e}{chapter.6}% 108
\BOOKMARK [1][-]{section.6.12}{\376\377\0006\000.\0001\0002\000\040\000A\000r\000c\000a\000d\000e\000:\000:\000S\000d\000l\0002\000\040\000C\000l\000a\000s\000s\000\040\000R\000e\000f\000e\000r\000e\000n\000c\000e}{chapter.6}% 109
\BOOKMARK [2][-]{subsection.6.12.1}{\376\377\0006\000.\0001\0002\000.\0001\000\040\000M\000e\000m\000b\000e\000r\000\040\000F\000u\000n\000c\000t\000i\000o\000n\000\040\000D\000o\000c\000u\000m\000e\000n\000t\000a\000t\000i\000o\000n}{section.6.12}% 110
\BOOKMARK [3][-]{subsubsection.6.12.1.1}{\376\377\0006\000.\0001\0002\000.\0001\000.\0001\000\040\000c\000l\000e\000a\000r\000E\000v\000e\000n\000t\000s\000\050\000\051}{subsection.6.12.1}% 111
\BOOKMARK [3][-]{subsubsection.6.12.1.2}{\376\377\0006\000.\0001\0002\000.\0001\000.\0002\000\040\000c\000l\000o\000s\000e\000R\000e\000n\000d\000e\000r\000e\000r\000\050\000\051}{subsection.6.12.1}% 112
\BOOKMARK [3][-]{subsubsection.6.12.1.3}{\376\377\0006\000.\0001\0002\000.\0001\000.\0003\000\040\000g\000e\000t\000L\000a\000s\000t\000E\000v\000e\000n\000t\000\050\000\051}{subsection.6.12.1}% 113
\BOOKMARK [3][-]{subsubsection.6.12.1.4}{\376\377\0006\000.\0001\0002\000.\0001\000.\0004\000\040\000g\000e\000t\000M\000a\000x\000X\000\050\000\051}{subsection.6.12.1}% 114
\BOOKMARK [3][-]{subsubsection.6.12.1.5}{\376\377\0006\000.\0001\0002\000.\0001\000.\0005\000\040\000g\000e\000t\000M\000a\000x\000Y\000\050\000\051}{subsection.6.12.1}% 115
\BOOKMARK [3][-]{subsubsection.6.12.1.6}{\376\377\0006\000.\0001\0002\000.\0001\000.\0006\000\040\000g\000e\000t\000N\000a\000m\000e\000\050\000\051}{subsection.6.12.1}% 116
\BOOKMARK [3][-]{subsubsection.6.12.1.7}{\376\377\0006\000.\0001\0002\000.\0001\000.\0007\000\040\000g\000e\000t\000S\000c\000r\000e\000e\000n\000S\000i\000z\000e\000\050\000\051}{subsection.6.12.1}% 117
\BOOKMARK [3][-]{subsubsection.6.12.1.8}{\376\377\0006\000.\0001\0002\000.\0001\000.\0008\000\040\000i\000s\000O\000p\000e\000n\000\050\000\051}{subsection.6.12.1}% 118
\BOOKMARK [3][-]{subsubsection.6.12.1.9}{\376\377\0006\000.\0001\0002\000.\0001\000.\0009\000\040\000o\000p\000e\000n\000R\000e\000n\000d\000e\000r\000e\000r\000\050\000\051}{subsection.6.12.1}% 119
\BOOKMARK [3][-]{subsubsection.6.12.1.10}{\376\377\0006\000.\0001\0002\000.\0001\000.\0001\0000\000\040\000p\000o\000l\000l\000E\000v\000e\000n\000t\000s\000\050\000\051}{subsection.6.12.1}% 120
\BOOKMARK [1][-]{section.6.13}{\376\377\0006\000.\0001\0003\000\040\000A\000r\000c\000a\000d\000e\000:\000:\000S\000f\000m\000l\000\040\000C\000l\000a\000s\000s\000\040\000R\000e\000f\000e\000r\000e\000n\000c\000e}{chapter.6}% 121
\BOOKMARK [2][-]{subsection.6.13.1}{\376\377\0006\000.\0001\0003\000.\0001\000\040\000M\000e\000m\000b\000e\000r\000\040\000F\000u\000n\000c\000t\000i\000o\000n\000\040\000D\000o\000c\000u\000m\000e\000n\000t\000a\000t\000i\000o\000n}{section.6.13}% 122
\BOOKMARK [3][-]{subsubsection.6.13.1.1}{\376\377\0006\000.\0001\0003\000.\0001\000.\0001\000\040\000c\000l\000e\000a\000r\000E\000v\000e\000n\000t\000s\000\050\000\051}{subsection.6.13.1}% 123
\BOOKMARK [3][-]{subsubsection.6.13.1.2}{\376\377\0006\000.\0001\0003\000.\0001\000.\0002\000\040\000c\000l\000o\000s\000e\000R\000e\000n\000d\000e\000r\000e\000r\000\050\000\051}{subsection.6.13.1}% 124
\BOOKMARK [3][-]{subsubsection.6.13.1.3}{\376\377\0006\000.\0001\0003\000.\0001\000.\0003\000\040\000g\000e\000t\000L\000a\000s\000t\000E\000v\000e\000n\000t\000\050\000\051}{subsection.6.13.1}% 125
\BOOKMARK [3][-]{subsubsection.6.13.1.4}{\376\377\0006\000.\0001\0003\000.\0001\000.\0004\000\040\000g\000e\000t\000M\000a\000x\000X\000\050\000\051}{subsection.6.13.1}% 126
\BOOKMARK [3][-]{subsubsection.6.13.1.5}{\376\377\0006\000.\0001\0003\000.\0001\000.\0005\000\040\000g\000e\000t\000M\000a\000x\000Y\000\050\000\051}{subsection.6.13.1}% 127
\BOOKMARK [3][-]{subsubsection.6.13.1.6}{\376\377\0006\000.\0001\0003\000.\0001\000.\0006\000\040\000g\000e\000t\000N\000a\000m\000e\000\050\000\051}{subsection.6.13.1}% 128
\BOOKMARK [3][-]{subsubsection.6.13.1.7}{\376\377\0006\000.\0001\0003\000.\0001\000.\0007\000\040\000g\000e\000t\000S\000c\000r\000e\000e\000n\000S\000i\000z\000e\000\050\000\051}{subsection.6.13.1}% 129
\BOOKMARK [3][-]{subsubsection.6.13.1.8}{\376\377\0006\000.\0001\0003\000.\0001\000.\0008\000\040\000i\000s\000O\000p\000e\000n\000\050\000\051}{subsection.6.13.1}% 130
\BOOKMARK [3][-]{subsubsection.6.13.1.9}{\376\377\0006\000.\0001\0003\000.\0001\000.\0009\000\040\000o\000p\000e\000n\000R\000e\000n\000d\000e\000r\000e\000r\000\050\000\051}{subsection.6.13.1}% 131
\BOOKMARK [3][-]{subsubsection.6.13.1.10}{\376\377\0006\000.\0001\0003\000.\0001\000.\0001\0000\000\040\000p\000o\000l\000l\000E\000v\000e\000n\000t\000s\000\050\000\051}{subsection.6.13.1}% 132
\BOOKMARK [1][-]{section.6.14}{\376\377\0006\000.\0001\0004\000\040\000A\000r\000c\000a\000d\000e\000:\000:\000T\000e\000x\000t\000B\000o\000x\000\040\000C\000l\000a\000s\000s\000\040\000R\000e\000f\000e\000r\000e\000n\000c\000e}{chapter.6}% 133
\BOOKMARK [2][-]{subsection.6.14.1}{\376\377\0006\000.\0001\0004\000.\0001\000\040\000D\000e\000t\000a\000i\000l\000e\000d\000\040\000D\000e\000s\000c\000r\000i\000p\000t\000i\000o\000n}{section.6.14}% 134
\BOOKMARK [2][-]{subsection.6.14.2}{\376\377\0006\000.\0001\0004\000.\0002\000\040\000C\000o\000n\000s\000t\000r\000u\000c\000t\000o\000r\000\040\000\046\000\040\000D\000e\000s\000t\000r\000u\000c\000t\000o\000r\000\040\000D\000o\000c\000u\000m\000e\000n\000t\000a\000t\000i\000o\000n}{section.6.14}% 135
\BOOKMARK [3][-]{subsubsection.6.14.2.1}{\376\377\0006\000.\0001\0004\000.\0002\000.\0001\000\040\000T\000e\000x\000t\000B\000o\000x\000\050\000\051}{subsection.6.14.2}% 136
\BOOKMARK [2][-]{subsection.6.14.3}{\376\377\0006\000.\0001\0004\000.\0003\000\040\000M\000e\000m\000b\000e\000r\000\040\000F\000u\000n\000c\000t\000i\000o\000n\000\040\000D\000o\000c\000u\000m\000e\000n\000t\000a\000t\000i\000o\000n}{section.6.14}% 137
\BOOKMARK [3][-]{subsubsection.6.14.3.1}{\376\377\0006\000.\0001\0004\000.\0003\000.\0001\000\040\000g\000e\000t\000B\000a\000c\000k\000g\000r\000o\000u\000n\000d\000C\000o\000l\000o\000r\000\050\000\051}{subsection.6.14.3}% 138
\BOOKMARK [3][-]{subsubsection.6.14.3.2}{\376\377\0006\000.\0001\0004\000.\0003\000.\0002\000\040\000g\000e\000t\000C\000o\000l\000o\000r\000\050\000\051}{subsection.6.14.3}% 139
\BOOKMARK [3][-]{subsubsection.6.14.3.3}{\376\377\0006\000.\0001\0004\000.\0003\000.\0003\000\040\000g\000e\000t\000F\000o\000n\000t\000S\000i\000z\000e\000\050\000\051}{subsection.6.14.3}% 140
\BOOKMARK [3][-]{subsubsection.6.14.3.4}{\376\377\0006\000.\0001\0004\000.\0003\000.\0004\000\040\000g\000e\000t\000P\000o\000s\000\050\000\051}{subsection.6.14.3}% 141
\BOOKMARK [3][-]{subsubsection.6.14.3.5}{\376\377\0006\000.\0001\0004\000.\0003\000.\0005\000\040\000g\000e\000t\000V\000a\000l\000u\000e\000\050\000\051}{subsection.6.14.3}% 142
\BOOKMARK [3][-]{subsubsection.6.14.3.6}{\376\377\0006\000.\0001\0004\000.\0003\000.\0006\000\040\000s\000e\000t\000B\000a\000c\000k\000g\000r\000o\000u\000n\000d\000C\000o\000l\000o\000r\000\050\000\051}{subsection.6.14.3}% 143
\BOOKMARK [3][-]{subsubsection.6.14.3.7}{\376\377\0006\000.\0001\0004\000.\0003\000.\0007\000\040\000s\000e\000t\000C\000o\000l\000o\000r\000\050\000\051}{subsection.6.14.3}% 144
\BOOKMARK [3][-]{subsubsection.6.14.3.8}{\376\377\0006\000.\0001\0004\000.\0003\000.\0008\000\040\000s\000e\000t\000F\000o\000n\000t\000S\000i\000z\000e\000\050\000\051}{subsection.6.14.3}% 145
\BOOKMARK [3][-]{subsubsection.6.14.3.9}{\376\377\0006\000.\0001\0004\000.\0003\000.\0009\000\040\000s\000e\000t\000P\000o\000s\000\050\000\051}{subsection.6.14.3}% 146
\BOOKMARK [3][-]{subsubsection.6.14.3.10}{\376\377\0006\000.\0001\0004\000.\0003\000.\0001\0000\000\040\000s\000e\000t\000V\000a\000l\000u\000e\000\050\000\051}{subsection.6.14.3}% 147
\BOOKMARK [1][-]{section.6.15}{\376\377\0006\000.\0001\0005\000\040\000A\000r\000c\000a\000d\000e\000:\000:\000V\000e\000c\000t\000<\000\040\000T\000\040\000>\000\040\000C\000l\000a\000s\000s\000\040\000T\000e\000m\000p\000l\000a\000t\000e\000\040\000R\000e\000f\000e\000r\000e\000n\000c\000e}{chapter.6}% 148
\BOOKMARK [2][-]{subsection.6.15.1}{\376\377\0006\000.\0001\0005\000.\0001\000\040\000D\000e\000t\000a\000i\000l\000e\000d\000\040\000D\000e\000s\000c\000r\000i\000p\000t\000i\000o\000n}{section.6.15}% 149
\BOOKMARK [2][-]{subsection.6.15.2}{\376\377\0006\000.\0001\0005\000.\0002\000\040\000C\000o\000n\000s\000t\000r\000u\000c\000t\000o\000r\000\040\000\046\000\040\000D\000e\000s\000t\000r\000u\000c\000t\000o\000r\000\040\000D\000o\000c\000u\000m\000e\000n\000t\000a\000t\000i\000o\000n}{section.6.15}% 150
\BOOKMARK [3][-]{subsubsection.6.15.2.1}{\376\377\0006\000.\0001\0005\000.\0002\000.\0001\000\040\000V\000e\000c\000t\000\050\000\051}{subsection.6.15.2}% 151
\BOOKMARK [2][-]{subsection.6.15.3}{\376\377\0006\000.\0001\0005\000.\0003\000\040\000M\000e\000m\000b\000e\000r\000\040\000F\000u\000n\000c\000t\000i\000o\000n\000\040\000D\000o\000c\000u\000m\000e\000n\000t\000a\000t\000i\000o\000n}{section.6.15}% 152
\BOOKMARK [3][-]{subsubsection.6.15.3.1}{\376\377\0006\000.\0001\0005\000.\0003\000.\0001\000\040\000g\000e\000t\000X\000\050\000\051}{subsection.6.15.3}% 153
\BOOKMARK [3][-]{subsubsection.6.15.3.2}{\376\377\0006\000.\0001\0005\000.\0003\000.\0002\000\040\000g\000e\000t\000Y\000\050\000\051}{subsection.6.15.3}% 154
\BOOKMARK [3][-]{subsubsection.6.15.3.3}{\376\377\0006\000.\0001\0005\000.\0003\000.\0003\000\040\000o\000p\000e\000r\000a\000t\000o\000r\000*\000\050\000\051\000\040\000[\0001\000/\0002\000]}{subsection.6.15.3}% 155
\BOOKMARK [3][-]{subsubsection.6.15.3.4}{\376\377\0006\000.\0001\0005\000.\0003\000.\0004\000\040\000o\000p\000e\000r\000a\000t\000o\000r\000*\000\050\000\051\000\040\000[\0002\000/\0002\000]}{subsection.6.15.3}% 156
\BOOKMARK [3][-]{subsubsection.6.15.3.5}{\376\377\0006\000.\0001\0005\000.\0003\000.\0005\000\040\000o\000p\000e\000r\000a\000t\000o\000r\000*\000=\000\050\000\051\000\040\000[\0001\000/\0002\000]}{subsection.6.15.3}% 157
\BOOKMARK [3][-]{subsubsection.6.15.3.6}{\376\377\0006\000.\0001\0005\000.\0003\000.\0006\000\040\000o\000p\000e\000r\000a\000t\000o\000r\000*\000=\000\050\000\051\000\040\000[\0002\000/\0002\000]}{subsection.6.15.3}% 158
\BOOKMARK [3][-]{subsubsection.6.15.3.7}{\376\377\0006\000.\0001\0005\000.\0003\000.\0007\000\040\000o\000p\000e\000r\000a\000t\000o\000r\000+\000\050\000\051\000\040\000[\0001\000/\0002\000]}{subsection.6.15.3}% 159
\BOOKMARK [3][-]{subsubsection.6.15.3.8}{\376\377\0006\000.\0001\0005\000.\0003\000.\0008\000\040\000o\000p\000e\000r\000a\000t\000o\000r\000+\000\050\000\051\000\040\000[\0002\000/\0002\000]}{subsection.6.15.3}% 160
\BOOKMARK [3][-]{subsubsection.6.15.3.9}{\376\377\0006\000.\0001\0005\000.\0003\000.\0009\000\040\000o\000p\000e\000r\000a\000t\000o\000r\000+\000=\000\050\000\051\000\040\000[\0001\000/\0002\000]}{subsection.6.15.3}% 161
\BOOKMARK [3][-]{subsubsection.6.15.3.10}{\376\377\0006\000.\0001\0005\000.\0003\000.\0001\0000\000\040\000o\000p\000e\000r\000a\000t\000o\000r\000+\000=\000\050\000\051\000\040\000[\0002\000/\0002\000]}{subsection.6.15.3}% 162
\BOOKMARK [3][-]{subsubsection.6.15.3.11}{\376\377\0006\000.\0001\0005\000.\0003\000.\0001\0001\000\040\000o\000p\000e\000r\000a\000t\000o\000r\000-\000\050\000\051\000\040\000[\0001\000/\0002\000]}{subsection.6.15.3}% 163
\BOOKMARK [3][-]{subsubsection.6.15.3.12}{\376\377\0006\000.\0001\0005\000.\0003\000.\0001\0002\000\040\000o\000p\000e\000r\000a\000t\000o\000r\000-\000\050\000\051\000\040\000[\0002\000/\0002\000]}{subsection.6.15.3}% 164
\BOOKMARK [3][-]{subsubsection.6.15.3.13}{\376\377\0006\000.\0001\0005\000.\0003\000.\0001\0003\000\040\000o\000p\000e\000r\000a\000t\000o\000r\000-\000=\000\050\000\051\000\040\000[\0001\000/\0002\000]}{subsection.6.15.3}% 165
\BOOKMARK [3][-]{subsubsection.6.15.3.14}{\376\377\0006\000.\0001\0005\000.\0003\000.\0001\0004\000\040\000o\000p\000e\000r\000a\000t\000o\000r\000-\000=\000\050\000\051\000\040\000[\0002\000/\0002\000]}{subsection.6.15.3}% 166
\BOOKMARK [3][-]{subsubsection.6.15.3.15}{\376\377\0006\000.\0001\0005\000.\0003\000.\0001\0005\000\040\000o\000p\000e\000r\000a\000t\000o\000r\000/\000\050\000\051\000\040\000[\0001\000/\0002\000]}{subsection.6.15.3}% 167
\BOOKMARK [3][-]{subsubsection.6.15.3.16}{\376\377\0006\000.\0001\0005\000.\0003\000.\0001\0006\000\040\000o\000p\000e\000r\000a\000t\000o\000r\000/\000\050\000\051\000\040\000[\0002\000/\0002\000]}{subsection.6.15.3}% 168
\BOOKMARK [3][-]{subsubsection.6.15.3.17}{\376\377\0006\000.\0001\0005\000.\0003\000.\0001\0007\000\040\000o\000p\000e\000r\000a\000t\000o\000r\000/\000=\000\050\000\051\000\040\000[\0001\000/\0002\000]}{subsection.6.15.3}% 169
\BOOKMARK [3][-]{subsubsection.6.15.3.18}{\376\377\0006\000.\0001\0005\000.\0003\000.\0001\0008\000\040\000o\000p\000e\000r\000a\000t\000o\000r\000/\000=\000\050\000\051\000\040\000[\0002\000/\0002\000]}{subsection.6.15.3}% 170
\BOOKMARK [3][-]{subsubsection.6.15.3.19}{\376\377\0006\000.\0001\0005\000.\0003\000.\0001\0009\000\040\000o\000p\000e\000r\000a\000t\000o\000r\000=\000=\000\050\000\051}{subsection.6.15.3}% 171
\BOOKMARK [3][-]{subsubsection.6.15.3.20}{\376\377\0006\000.\0001\0005\000.\0003\000.\0002\0000\000\040\000s\000e\000t\000X\000\050\000\051}{subsection.6.15.3}% 172
\BOOKMARK [3][-]{subsubsection.6.15.3.21}{\376\377\0006\000.\0001\0005\000.\0003\000.\0002\0001\000\040\000s\000e\000t\000X\000Y\000\050\000\051}{subsection.6.15.3}% 173
\BOOKMARK [3][-]{subsubsection.6.15.3.22}{\376\377\0006\000.\0001\0005\000.\0003\000.\0002\0002\000\040\000s\000e\000t\000Y\000\050\000\051}{subsection.6.15.3}% 174
\BOOKMARK [0][-]{chapter.7}{\376\377\0007\000\040\000F\000i\000l\000e\000\040\000D\000o\000c\000u\000m\000e\000n\000t\000a\000t\000i\000o\000n}{}% 175
\BOOKMARK [1][-]{section.7.1}{\376\377\0007\000.\0001\000\040\000/\000h\000o\000m\000e\000/\000r\000e\000c\000t\000o\000r\000i\000a\000/\000p\000r\000o\000j\000e\000c\000t\000s\000/\000e\000p\000i\000t\000e\000c\000h\000/\000C\000P\000P\000/\000c\000p\000p\000\137\000a\000r\000c\000a\000d\000e\000/\000i\000n\000c\000l\000u\000d\000e\000/\000C\000o\000l\000o\000r\000.\000h\000p\000p\000\040\000F\000i\000l\000e\000\040\000R\000e\000f\000e\000r\000e\000n\000c\000e}{chapter.7}% 176
\BOOKMARK [2][-]{subsection.7.1.1}{\376\377\0007\000.\0001\000.\0001\000\040\000D\000e\000t\000a\000i\000l\000e\000d\000\040\000D\000e\000s\000c\000r\000i\000p\000t\000i\000o\000n}{section.7.1}% 177
\BOOKMARK [1][-]{section.7.2}{\376\377\0007\000.\0002\000\040\000/\000h\000o\000m\000e\000/\000r\000e\000c\000t\000o\000r\000i\000a\000/\000p\000r\000o\000j\000e\000c\000t\000s\000/\000e\000p\000i\000t\000e\000c\000h\000/\000C\000P\000P\000/\000c\000p\000p\000\137\000a\000r\000c\000a\000d\000e\000/\000i\000n\000c\000l\000u\000d\000e\000/\000K\000e\000y\000s\000.\000h\000p\000p\000\040\000F\000i\000l\000e\000\040\000R\000e\000f\000e\000r\000e\000n\000c\000e}{chapter.7}% 178
\BOOKMARK [2][-]{subsection.7.2.1}{\376\377\0007\000.\0002\000.\0001\000\040\000D\000e\000t\000a\000i\000l\000e\000d\000\040\000D\000e\000s\000c\000r\000i\000p\000t\000i\000o\000n}{section.7.2}% 179
\BOOKMARK [1][-]{section.7.3}{\376\377\0007\000.\0003\000\040\000/\000h\000o\000m\000e\000/\000r\000e\000c\000t\000o\000r\000i\000a\000/\000p\000r\000o\000j\000e\000c\000t\000s\000/\000e\000p\000i\000t\000e\000c\000h\000/\000C\000P\000P\000/\000c\000p\000p\000\137\000a\000r\000c\000a\000d\000e\000/\000i\000n\000c\000l\000u\000d\000e\000/\000P\000i\000x\000e\000l\000B\000o\000x\000.\000h\000p\000p\000\040\000F\000i\000l\000e\000\040\000R\000e\000f\000e\000r\000e\000n\000c\000e}{chapter.7}% 180
\BOOKMARK [2][-]{subsection.7.3.1}{\376\377\0007\000.\0003\000.\0001\000\040\000D\000e\000t\000a\000i\000l\000e\000d\000\040\000D\000e\000s\000c\000r\000i\000p\000t\000i\000o\000n}{section.7.3}% 181
\BOOKMARK [1][-]{section.7.4}{\376\377\0007\000.\0004\000\040\000/\000h\000o\000m\000e\000/\000r\000e\000c\000t\000o\000r\000i\000a\000/\000p\000r\000o\000j\000e\000c\000t\000s\000/\000e\000p\000i\000t\000e\000c\000h\000/\000C\000P\000P\000/\000c\000p\000p\000\137\000a\000r\000c\000a\000d\000e\000/\000i\000n\000c\000l\000u\000d\000e\000/\000T\000e\000x\000t\000B\000o\000x\000.\000h\000p\000p\000\040\000F\000i\000l\000e\000\040\000R\000e\000f\000e\000r\000e\000n\000c\000e}{chapter.7}% 182
\BOOKMARK [2][-]{subsection.7.4.1}{\376\377\0007\000.\0004\000.\0001\000\040\000D\000e\000t\000a\000i\000l\000e\000d\000\040\000D\000e\000s\000c\000r\000i\000p\000t\000i\000o\000n}{section.7.4}% 183
\BOOKMARK [1][-]{section.7.5}{\376\377\0007\000.\0005\000\040\000/\000h\000o\000m\000e\000/\000r\000e\000c\000t\000o\000r\000i\000a\000/\000p\000r\000o\000j\000e\000c\000t\000s\000/\000e\000p\000i\000t\000e\000c\000h\000/\000C\000P\000P\000/\000c\000p\000p\000\137\000a\000r\000c\000a\000d\000e\000/\000i\000n\000c\000l\000u\000d\000e\000/\000V\000e\000c\000t\000.\000h\000p\000p\000\040\000F\000i\000l\000e\000\040\000R\000e\000f\000e\000r\000e\000n\000c\000e}{chapter.7}% 184
\BOOKMARK [2][-]{subsection.7.5.1}{\376\377\0007\000.\0005\000.\0001\000\040\000D\000e\000t\000a\000i\000l\000e\000d\000\040\000D\000e\000s\000c\000r\000i\000p\000t\000i\000o\000n}{section.7.5}% 185
\BOOKMARK [1][-]{section.7.6}{\376\377\0007\000.\0006\000\040\000/\000h\000o\000m\000e\000/\000r\000e\000c\000t\000o\000r\000i\000a\000/\000p\000r\000o\000j\000e\000c\000t\000s\000/\000e\000p\000i\000t\000e\000c\000h\000/\000C\000P\000P\000/\000c\000p\000p\000\137\000a\000r\000c\000a\000d\000e\000/\000i\000n\000t\000e\000r\000f\000a\000c\000e\000s\000/\000I\000G\000a\000m\000e\000L\000i\000b\000.\000h\000p\000p\000\040\000F\000i\000l\000e\000\040\000R\000e\000f\000e\000r\000e\000n\000c\000e}{chapter.7}% 186
\BOOKMARK [2][-]{subsection.7.6.1}{\376\377\0007\000.\0006\000.\0001\000\040\000D\000e\000t\000a\000i\000l\000e\000d\000\040\000D\000e\000s\000c\000r\000i\000p\000t\000i\000o\000n}{section.7.6}% 187
\BOOKMARK [1][-]{section.7.7}{\376\377\0007\000.\0007\000\040\000/\000h\000o\000m\000e\000/\000r\000e\000c\000t\000o\000r\000i\000a\000/\000p\000r\000o\000j\000e\000c\000t\000s\000/\000e\000p\000i\000t\000e\000c\000h\000/\000C\000P\000P\000/\000c\000p\000p\000\137\000a\000r\000c\000a\000d\000e\000/\000i\000n\000t\000e\000r\000f\000a\000c\000e\000s\000/\000I\000G\000r\000a\000p\000h\000i\000c\000L\000i\000b\000.\000h\000p\000p\000\040\000F\000i\000l\000e\000\040\000R\000e\000f\000e\000r\000e\000n\000c\000e}{chapter.7}% 188
\BOOKMARK [2][-]{subsection.7.7.1}{\376\377\0007\000.\0007\000.\0001\000\040\000D\000e\000t\000a\000i\000l\000e\000d\000\040\000D\000e\000s\000c\000r\000i\000p\000t\000i\000o\000n}{section.7.7}% 189
\BOOKMARK [0][-]{section*.57}{\376\377\000I\000n\000d\000e\000x}{}% 190
